2020-12-11 10:08:38 - HikariPool-1 - Thread starvation or clock leap detected (housekeeper delta=16h11m18s135ms124µs200ns).
2020-12-11 11:46:25 - Starting FlightreservationApplication using Java 13.0.2 on DESKTOP-LNFB5RO with PID 4252 (C:\Users\user1\IdeaProjects\Udemy\Udemy\Full Stack Developent using Spring boot, Angular and React\flightreservation\target\classes started by user1 in C:\Users\user1\IdeaProjects\Udemy\Udemy\Full Stack Developent using Spring boot, Angular and React\flightreservation)
2020-12-11 11:46:25 - No active profile set, falling back to default profiles: default
2020-12-11 11:46:28 - Bootstrapping Spring Data JPA repositories in DEFERRED mode.
2020-12-11 11:46:28 - Finished Spring Data repository scanning in 160 ms. Found 5 JPA repository interfaces.
2020-12-11 11:46:29 - Tomcat initialized with port(s): 8080 (http)
2020-12-11 11:46:29 - Initializing ProtocolHandler ["http-nio-8080"]
2020-12-11 11:46:29 - Starting service [Tomcat]
2020-12-11 11:46:29 - Starting Servlet engine: [Apache Tomcat/9.0.39]
2020-12-11 11:46:30 - At least one JAR was scanned for TLDs yet contained no TLDs. Enable debug logging for this logger for a complete list of JARs that were scanned but no TLDs were found in them. Skipping unneeded JARs during scanning can improve startup time and JSP compilation time.
2020-12-11 11:46:30 - Initializing Spring embedded WebApplicationContext
2020-12-11 11:46:30 - Root WebApplicationContext: initialization completed in 4420 ms
2020-12-11 11:46:30 - Initializing ExecutorService 'applicationTaskExecutor'
2020-12-11 11:46:30 - HikariPool-1 - Starting...
2020-12-11 11:46:31 - HikariPool-1 - Start completed.
2020-12-11 11:46:31 - HHH000204: Processing PersistenceUnitInfo [name: default]
2020-12-11 11:46:31 - Autowired annotation is not supported on static fields: private static org.springframework.security.crypto.bcrypt.BCryptPasswordEncoder com.aleksandar.flightreservation.flightreservation.controllers.UserController.encoder
2020-12-11 11:46:31 - Autowired annotation is not supported on static fields: private static org.springframework.security.core.userdetails.UserDetailsService com.aleksandar.flightreservation.flightreservation.service.impl.SecurityServiceImpl.userDetailsService
2020-12-11 11:46:31 - Autowired annotation is not supported on static fields: private static org.springframework.security.authentication.AuthenticationManager com.aleksandar.flightreservation.flightreservation.service.impl.SecurityServiceImpl.authenticationManager
2020-12-11 11:46:31 - HHH000412: Hibernate ORM core version 5.4.23.Final
2020-12-11 11:46:32 - HCANN000001: Hibernate Commons Annotations {5.1.2.Final}
2020-12-11 11:46:32 - Will secure any request with [org.springframework.security.web.context.request.async.WebAsyncManagerIntegrationFilter@17ff8810, org.springframework.security.web.context.SecurityContextPersistenceFilter@153d6d74, org.springframework.security.web.header.HeaderWriterFilter@447fa959, org.springframework.security.web.authentication.logout.LogoutFilter@1118d539, org.springframework.security.web.savedrequest.RequestCacheAwareFilter@299b9851, org.springframework.security.web.servletapi.SecurityContextHolderAwareRequestFilter@7e49ded, org.springframework.security.web.authentication.AnonymousAuthenticationFilter@6c951ada, org.springframework.security.web.session.SessionManagementFilter@73a6cc79, org.springframework.security.web.access.ExceptionTranslationFilter@4a62062a, org.springframework.security.web.access.intercept.FilterSecurityInterceptor@7d30007d]
2020-12-11 11:46:32 - HHH000400: Using dialect: org.hibernate.dialect.MySQL8Dialect
2020-12-11 11:46:33 - Starting ProtocolHandler ["http-nio-8080"]
2020-12-11 11:46:34 - Exception encountered during context initialization - cancelling refresh attempt: org.springframework.context.ApplicationContextException: Failed to start bean 'webServerStartStop'; nested exception is org.springframework.boot.web.server.PortInUseException: Port 8080 is already in use
2020-12-11 11:46:34 - Closing JPA EntityManagerFactory for persistence unit 'default'
2020-12-11 11:46:34 - HHH000490: Using JtaPlatform implementation: [org.hibernate.engine.transaction.jta.platform.internal.NoJtaPlatform]
2020-12-11 11:46:34 - Initialized JPA EntityManagerFactory for persistence unit 'default'
2020-12-11 11:46:34 - Shutting down ExecutorService 'applicationTaskExecutor'
2020-12-11 11:46:34 - HikariPool-1 - Shutdown initiated...
2020-12-11 11:46:34 - HikariPool-1 - Shutdown completed.
2020-12-11 11:46:34 - Pausing ProtocolHandler ["http-nio-8080"]
2020-12-11 11:46:34 - Stopping service [Tomcat]
2020-12-11 11:46:34 - Stopping ProtocolHandler ["http-nio-8080"]
2020-12-11 11:46:34 - Destroying ProtocolHandler ["http-nio-8080"]
2020-12-11 11:46:34 - 

Error starting ApplicationContext. To display the conditions report re-run your application with 'debug' enabled.
2020-12-11 11:46:34 - 

***************************
APPLICATION FAILED TO START
***************************

Description:

Web server failed to start. Port 8080 was already in use.

Action:

Identify and stop the process that's listening on port 8080 or configure this application to listen on another port.

2020-12-11 11:47:10 - Inside showRegistrationPage()
2020-12-11 11:47:52 - Inside register()User{firstName='Aleksandar', lastName='Yunchov', email='sasho@sds.bg', password='1234'}
2020-12-11 11:48:33 - Inside login() and the email is: sasho@sds.bg
2020-12-11 11:50:15 - Inside login() and the email is: sasho@sds.bg
2020-12-11 11:56:01 - Starting FlightreservationApplication using Java 13.0.2 on DESKTOP-LNFB5RO with PID 13956 (C:\Users\user1\IdeaProjects\Udemy\Udemy\Full Stack Developent using Spring boot, Angular and React\flightreservation\target\classes started by user1 in C:\Users\user1\IdeaProjects\Udemy\Udemy\Full Stack Developent using Spring boot, Angular and React\flightreservation)
2020-12-11 11:56:01 - No active profile set, falling back to default profiles: default
2020-12-11 11:56:03 - Bootstrapping Spring Data JPA repositories in DEFERRED mode.
2020-12-11 11:56:03 - Finished Spring Data repository scanning in 160 ms. Found 5 JPA repository interfaces.
2020-12-11 11:56:04 - Tomcat initialized with port(s): 8080 (http)
2020-12-11 11:56:04 - Initializing ProtocolHandler ["http-nio-8080"]
2020-12-11 11:56:04 - Starting service [Tomcat]
2020-12-11 11:56:04 - Starting Servlet engine: [Apache Tomcat/9.0.39]
2020-12-11 11:56:04 - At least one JAR was scanned for TLDs yet contained no TLDs. Enable debug logging for this logger for a complete list of JARs that were scanned but no TLDs were found in them. Skipping unneeded JARs during scanning can improve startup time and JSP compilation time.
2020-12-11 11:56:05 - Initializing Spring embedded WebApplicationContext
2020-12-11 11:56:05 - Root WebApplicationContext: initialization completed in 3573 ms
2020-12-11 11:56:05 - Initializing ExecutorService 'applicationTaskExecutor'
2020-12-11 11:56:05 - HikariPool-1 - Starting...
2020-12-11 11:56:05 - HikariPool-1 - Start completed.
2020-12-11 11:56:05 - HHH000204: Processing PersistenceUnitInfo [name: default]
2020-12-11 11:56:05 - Autowired annotation is not supported on static fields: private static org.springframework.security.crypto.bcrypt.BCryptPasswordEncoder com.aleksandar.flightreservation.flightreservation.controllers.UserController.encoder
2020-12-11 11:56:05 - Autowired annotation is not supported on static fields: private static org.springframework.security.core.userdetails.UserDetailsService com.aleksandar.flightreservation.flightreservation.service.impl.SecurityServiceImpl.userDetailsService
2020-12-11 11:56:05 - Autowired annotation is not supported on static fields: private static org.springframework.security.authentication.AuthenticationManager com.aleksandar.flightreservation.flightreservation.service.impl.SecurityServiceImpl.authenticationManager
2020-12-11 11:56:05 - HHH000412: Hibernate ORM core version 5.4.23.Final
2020-12-11 11:56:06 - HCANN000001: Hibernate Commons Annotations {5.1.2.Final}
2020-12-11 11:56:07 - Will secure any request with [org.springframework.security.web.context.request.async.WebAsyncManagerIntegrationFilter@28be7fec, org.springframework.security.web.context.SecurityContextPersistenceFilter@2c6c302f, org.springframework.security.web.header.HeaderWriterFilter@24fba488, org.springframework.security.web.authentication.logout.LogoutFilter@4f114b, org.springframework.security.web.savedrequest.RequestCacheAwareFilter@39023dbf, org.springframework.security.web.servletapi.SecurityContextHolderAwareRequestFilter@19b75b2b, org.springframework.security.web.authentication.AnonymousAuthenticationFilter@26f0141, org.springframework.security.web.session.SessionManagementFilter@1e6060f1, org.springframework.security.web.access.ExceptionTranslationFilter@5b1c32e4, org.springframework.security.web.access.intercept.FilterSecurityInterceptor@14de1901]
2020-12-11 11:56:07 - HHH000400: Using dialect: org.hibernate.dialect.MySQL8Dialect
2020-12-11 11:56:08 - Starting ProtocolHandler ["http-nio-8080"]
2020-12-11 11:56:09 - Exception encountered during context initialization - cancelling refresh attempt: org.springframework.context.ApplicationContextException: Failed to start bean 'webServerStartStop'; nested exception is org.springframework.boot.web.server.PortInUseException: Port 8080 is already in use
2020-12-11 11:56:09 - Closing JPA EntityManagerFactory for persistence unit 'default'
2020-12-11 11:56:09 - HHH000490: Using JtaPlatform implementation: [org.hibernate.engine.transaction.jta.platform.internal.NoJtaPlatform]
2020-12-11 11:56:09 - Initialized JPA EntityManagerFactory for persistence unit 'default'
2020-12-11 11:56:09 - Shutting down ExecutorService 'applicationTaskExecutor'
2020-12-11 11:56:09 - HikariPool-1 - Shutdown initiated...
2020-12-11 11:56:09 - HikariPool-1 - Shutdown completed.
2020-12-11 11:56:09 - Pausing ProtocolHandler ["http-nio-8080"]
2020-12-11 11:56:09 - Stopping service [Tomcat]
2020-12-11 11:56:09 - Stopping ProtocolHandler ["http-nio-8080"]
2020-12-11 11:56:09 - Destroying ProtocolHandler ["http-nio-8080"]
2020-12-11 11:56:09 - 

Error starting ApplicationContext. To display the conditions report re-run your application with 'debug' enabled.
2020-12-11 11:56:09 - 

***************************
APPLICATION FAILED TO START
***************************

Description:

Web server failed to start. Port 8080 was already in use.

Action:

Identify and stop the process that's listening on port 8080 or configure this application to listen on another port.

2020-12-11 11:56:18 - Inside showLoginPage()
2020-12-11 11:56:24 - Inside login() and the email is: sasho@sds.bg
2020-12-11 11:59:57 - Starting FlightreservationApplication using Java 13.0.2 on DESKTOP-LNFB5RO with PID 7504 (C:\Users\user1\IdeaProjects\Udemy\Udemy\Full Stack Developent using Spring boot, Angular and React\flightreservation\target\classes started by user1 in C:\Users\user1\IdeaProjects\Udemy\Udemy\Full Stack Developent using Spring boot, Angular and React\flightreservation)
2020-12-11 11:59:57 - No active profile set, falling back to default profiles: default
2020-12-11 11:59:58 - Bootstrapping Spring Data JPA repositories in DEFERRED mode.
2020-12-11 11:59:58 - Finished Spring Data repository scanning in 110 ms. Found 5 JPA repository interfaces.
2020-12-11 11:59:59 - Tomcat initialized with port(s): 8080 (http)
2020-12-11 11:59:59 - Initializing ProtocolHandler ["http-nio-8080"]
2020-12-11 11:59:59 - Starting service [Tomcat]
2020-12-11 11:59:59 - Starting Servlet engine: [Apache Tomcat/9.0.39]
2020-12-11 12:00:00 - At least one JAR was scanned for TLDs yet contained no TLDs. Enable debug logging for this logger for a complete list of JARs that were scanned but no TLDs were found in them. Skipping unneeded JARs during scanning can improve startup time and JSP compilation time.
2020-12-11 12:00:00 - Initializing Spring embedded WebApplicationContext
2020-12-11 12:00:00 - Root WebApplicationContext: initialization completed in 2828 ms
2020-12-11 12:00:00 - Initializing ExecutorService 'applicationTaskExecutor'
2020-12-11 12:00:00 - HikariPool-1 - Starting...
2020-12-11 12:00:00 - HikariPool-1 - Start completed.
2020-12-11 12:00:00 - HHH000204: Processing PersistenceUnitInfo [name: default]
2020-12-11 12:00:00 - Autowired annotation is not supported on static fields: private static org.springframework.security.crypto.bcrypt.BCryptPasswordEncoder com.aleksandar.flightreservation.flightreservation.controllers.UserController.encoder
2020-12-11 12:00:00 - Autowired annotation is not supported on static fields: private static org.springframework.security.core.userdetails.UserDetailsService com.aleksandar.flightreservation.flightreservation.service.impl.SecurityServiceImpl.userDetailsService
2020-12-11 12:00:00 - Autowired annotation is not supported on static fields: private static org.springframework.security.authentication.AuthenticationManager com.aleksandar.flightreservation.flightreservation.service.impl.SecurityServiceImpl.authenticationManager
2020-12-11 12:00:00 - HHH000412: Hibernate ORM core version 5.4.23.Final
2020-12-11 12:00:01 - HCANN000001: Hibernate Commons Annotations {5.1.2.Final}
2020-12-11 12:00:01 - Will secure any request with [org.springframework.security.web.context.request.async.WebAsyncManagerIntegrationFilter@38ac8968, org.springframework.security.web.context.SecurityContextPersistenceFilter@5a4d4f9c, org.springframework.security.web.header.HeaderWriterFilter@1e76afeb, org.springframework.security.web.authentication.logout.LogoutFilter@1cd2143b, org.springframework.security.web.savedrequest.RequestCacheAwareFilter@6c9b44bf, org.springframework.security.web.servletapi.SecurityContextHolderAwareRequestFilter@1e6060f1, org.springframework.security.web.authentication.AnonymousAuthenticationFilter@17ff8810, org.springframework.security.web.session.SessionManagementFilter@24fba488, org.springframework.security.web.access.ExceptionTranslationFilter@2c2c3947, org.springframework.security.web.access.intercept.FilterSecurityInterceptor@5a9840f3]
2020-12-11 12:00:01 - HHH000400: Using dialect: org.hibernate.dialect.MySQL8Dialect
2020-12-11 12:00:02 - Starting ProtocolHandler ["http-nio-8080"]
2020-12-11 12:00:02 - Exception encountered during context initialization - cancelling refresh attempt: org.springframework.context.ApplicationContextException: Failed to start bean 'webServerStartStop'; nested exception is org.springframework.boot.web.server.PortInUseException: Port 8080 is already in use
2020-12-11 12:00:02 - Closing JPA EntityManagerFactory for persistence unit 'default'
2020-12-11 12:00:02 - HHH000490: Using JtaPlatform implementation: [org.hibernate.engine.transaction.jta.platform.internal.NoJtaPlatform]
2020-12-11 12:00:02 - Initialized JPA EntityManagerFactory for persistence unit 'default'
2020-12-11 12:00:02 - Shutting down ExecutorService 'applicationTaskExecutor'
2020-12-11 12:00:02 - HikariPool-1 - Shutdown initiated...
2020-12-11 12:00:02 - HikariPool-1 - Shutdown completed.
2020-12-11 12:00:02 - Pausing ProtocolHandler ["http-nio-8080"]
2020-12-11 12:00:02 - Stopping service [Tomcat]
2020-12-11 12:00:02 - Stopping ProtocolHandler ["http-nio-8080"]
2020-12-11 12:00:02 - Destroying ProtocolHandler ["http-nio-8080"]
2020-12-11 12:00:02 - 

Error starting ApplicationContext. To display the conditions report re-run your application with 'debug' enabled.
2020-12-11 12:00:02 - 

***************************
APPLICATION FAILED TO START
***************************

Description:

Web server failed to start. Port 8080 was already in use.

Action:

Identify and stop the process that's listening on port 8080 or configure this application to listen on another port.

2020-12-11 14:42:09 - HikariPool-1 - Thread starvation or clock leap detected (housekeeper delta=2h10m29s193ms385µs600ns).
2020-12-11 19:08:08 - HikariPool-1 - Thread starvation or clock leap detected (housekeeper delta=3h29s104ms892µs).
